[2026-02-07 13:29:07] START cleanup
[2026-02-07 13:29:07] Root: C:\Users\rober\Desktop\Mundo Virtual Villa Canabrava
[2026-02-07 13:29:07] Archives: C:\Users\rober\Desktop\Mundo Virtual Villa Canabrava\archives\2026-02-07
[2026-02-07 13:29:07] WHATIF Move C:\Users\rober\Desktop\Mundo Virtual Villa Canabrava\.github.zip -> C:\Users\rober\Desktop\Mundo Virtual Villa Canabrava\archives\2026-02-07\zips\.github.zip
[2026-02-07 13:29:07] WHATIF Move C:\Users\rober\Desktop\Mundo Virtual Villa Canabrava\.venv-gis.zip -> C:\Users\rober\Desktop\Mundo Virtual Villa Canabrava\archives\2026-02-07\zips\.venv-gis.zip
[2026-02-07 13:29:07] WHATIF Move C:\Users\rober\Desktop\Mundo Virtual Villa Canabrava\.venv.zip -> C:\Users\rober\Desktop\Mundo Virtual Villa Canabrava\archives\2026-02-07\zips\.venv.zip
[2026-02-07 13:29:07] WHATIF Move C:\Users\rober\Desktop\Mundo Virtual Villa Canabrava\.vscode.zip -> C:\Users\rober\Desktop\Mundo Virtual Villa Canabrava\archives\2026-02-07\zips\.vscode.zip
[2026-02-07 13:29:07] WHATIF Move C:\Users\rober\Desktop\Mundo Virtual Villa Canabrava\BIBLIOTECA.zip -> C:\Users\rober\Desktop\Mundo Virtual Villa Canabrava\archives\2026-02-07\zips\BIBLIOTECA.zip
[2026-02-07 13:29:07] WHATIF Move C:\Users\rober\Desktop\Mundo Virtual Villa Canabrava\Documentaçao Auxiliar  Mundo Virtual Villa.zip -> C:\Users\rober\Desktop\Mundo Virtual Villa Canabrava\archives\2026-02-07\zips\Documentaçao Auxiliar  Mundo Virtual Villa.zip
[2026-02-07 13:29:07] WHATIF Move C:\Users\rober\Desktop\Mundo Virtual Villa Canabrava\_kml_test.zip -> C:\Users\rober\Desktop\Mundo Virtual Villa Canabrava\archives\2026-02-07\zips\_kml_test.zip
[2026-02-07 13:29:07] WHATIF Move C:\Users\rober\Desktop\Mundo Virtual Villa Canabrava\.venv -> C:\Users\rober\Desktop\Mundo Virtual Villa Canabrava\archives\2026-02-07\venv\.venv
[2026-02-07 13:29:07] WHATIF Move C:\Users\rober\Desktop\Mundo Virtual Villa Canabrava\.venv-gis -> C:\Users\rober\Desktop\Mundo Virtual Villa Canabrava\archives\2026-02-07\venv\.venv-gis
[2026-02-07 13:29:07] WHATIF Move C:\Users\rober\Desktop\Mundo Virtual Villa Canabrava\backup_villa_canabrava.sql -> C:\Users\rober\Desktop\Mundo Virtual Villa Canabrava\archives\2026-02-07\backups_raw\backup_villa_canabrava.sql
[2026-02-07 13:29:07] WHATIF Move C:\Users\rober\Desktop\Mundo Virtual Villa Canabrava\geometrias_dump_FEB6.sql -> C:\Users\rober\Desktop\Mundo Virtual Villa Canabrava\archives\2026-02-07\backups_raw\geometrias_dump_FEB6.sql
[2026-02-07 13:29:07] WHATIF Move C:\Users\rober\Desktop\Mundo Virtual Villa Canabrava\gis_async_pipeline_results_v2.log -> C:\Users\rober\Desktop\Mundo Virtual Villa Canabrava\archives\2026-02-07\logs\gis_async_pipeline_results_v2.log
[2026-02-07 13:29:07] WHATIF Move C:\Users\rober\Desktop\Mundo Virtual Villa Canabrava\gis_async_pipeline_v2.log -> C:\Users\rober\Desktop\Mundo Virtual Villa Canabrava\archives\2026-02-07\logs\gis_async_pipeline_v2.log
[2026-02-07 13:29:08] WHATIF Move C:\Users\rober\Desktop\Mundo Virtual Villa Canabrava\METRICS_BASELINE.json -> C:\Users\rober\Desktop\Mundo Virtual Villa Canabrava\archives\2026-02-07\metrics\METRICS_BASELINE.json
[2026-02-07 13:29:08] WHATIF Move C:\Users\rober\Desktop\Mundo Virtual Villa Canabrava\METRICS_BASELINE_FEB7.json -> C:\Users\rober\Desktop\Mundo Virtual Villa Canabrava\archives\2026-02-07\metrics\METRICS_BASELINE_FEB7.json
[2026-02-07 13:29:08] WHATIF Move C:\Users\rober\Desktop\Mundo Virtual Villa Canabrava\METRICS_OPT1_FEB7.json -> C:\Users\rober\Desktop\Mundo Virtual Villa Canabrava\archives\2026-02-07\metrics\METRICS_OPT1_FEB7.json
[2026-02-07 13:29:08] WHATIF Move C:\Users\rober\Desktop\Mundo Virtual Villa Canabrava\METRICS_OPT1_STAGE2_20260206_165714.json -> C:\Users\rober\Desktop\Mundo Virtual Villa Canabrava\archives\2026-02-07\metrics\METRICS_OPT1_STAGE2_20260206_165714.json
[2026-02-07 13:29:08] WHATIF Move C:\Users\rober\Desktop\Mundo Virtual Villa Canabrava\METRICS_OPT2_OPT5_BATCH_FEB7.json -> C:\Users\rober\Desktop\Mundo Virtual Villa Canabrava\archives\2026-02-07\metrics\METRICS_OPT2_OPT5_BATCH_FEB7.json
[2026-02-07 13:29:08] WHATIF Move C:\Users\rober\Desktop\Mundo Virtual Villa Canabrava\METRICS_COLLECTION_LOG_FEB7.txt -> C:\Users\rober\Desktop\Mundo Virtual Villa Canabrava\archives\2026-02-07\metrics\METRICS_COLLECTION_LOG_FEB7.txt
[2026-02-07 13:29:08] WHATIF Move C:\Users\rober\Desktop\Mundo Virtual Villa Canabrava\METRICS_COLLECTION_RUN_FEB7.txt -> C:\Users\rober\Desktop\Mundo Virtual Villa Canabrava\archives\2026-02-07\metrics\METRICS_COLLECTION_RUN_FEB7.txt
[2026-02-07 13:29:08] WHATIF Move C:\Users\rober\Desktop\Mundo Virtual Villa Canabrava\STAGE2_OPT1_DRYRUN_LOG_20260206_165714.txt -> C:\Users\rober\Desktop\Mundo Virtual Villa Canabrava\archives\2026-02-07\logs\STAGE2_OPT1_DRYRUN_LOG_20260206_165714.txt
[2026-02-07 13:29:08] WHATIF Move C:\Users\rober\Desktop\Mundo Virtual Villa Canabrava\STAGE2_OPT1_DRYRUN_LOG_20260206_165750.txt -> C:\Users\rober\Desktop\Mundo Virtual Villa Canabrava\archives\2026-02-07\logs\STAGE2_OPT1_DRYRUN_LOG_20260206_165750.txt
[2026-02-07 13:29:08] WHATIF Move C:\Users\rober\Desktop\Mundo Virtual Villa Canabrava\STAGE4_EXECUTOR_LOG_20260206_164326.txt -> C:\Users\rober\Desktop\Mundo Virtual Villa Canabrava\archives\2026-02-07\logs\STAGE4_EXECUTOR_LOG_20260206_164326.txt
[2026-02-07 13:29:08] WHATIF Move C:\Users\rober\Desktop\Mundo Virtual Villa Canabrava\STAGE4_EXECUTOR_LOG_20260206_164335.txt -> C:\Users\rober\Desktop\Mundo Virtual Villa Canabrava\archives\2026-02-07\logs\STAGE4_EXECUTOR_LOG_20260206_164335.txt
[2026-02-07 13:29:08] WHATIF Move C:\Users\rober\Desktop\Mundo Virtual Villa Canabrava\STAGE4_EXECUTOR_LOG_20260206_164352.txt -> C:\Users\rober\Desktop\Mundo Virtual Villa Canabrava\archives\2026-02-07\logs\STAGE4_EXECUTOR_LOG_20260206_164352.txt
[2026-02-07 13:29:08] WHATIF Move C:\Users\rober\Desktop\Mundo Virtual Villa Canabrava\STAGE4_EXECUTOR_LOG_20260206_164404.txt -> C:\Users\rober\Desktop\Mundo Virtual Villa Canabrava\archives\2026-02-07\logs\STAGE4_EXECUTOR_LOG_20260206_164404.txt
[2026-02-07 13:29:08] WHATIF Move C:\Users\rober\Desktop\Mundo Virtual Villa Canabrava\STAGE4_SIMULATOR_LOG_20260206_164519.txt -> C:\Users\rober\Desktop\Mundo Virtual Villa Canabrava\archives\2026-02-07\logs\STAGE4_SIMULATOR_LOG_20260206_164519.txt
[2026-02-07 13:29:08] WHATIF Move C:\Users\rober\Desktop\Mundo Virtual Villa Canabrava\STAGE4_SIMULATOR_LOG_20260206_165426.txt -> C:\Users\rober\Desktop\Mundo Virtual Villa Canabrava\archives\2026-02-07\logs\STAGE4_SIMULATOR_LOG_20260206_165426.txt
[2026-02-07 13:29:08] WHATIF Move C:\Users\rober\Desktop\Mundo Virtual Villa Canabrava\EXEC_REPORT_6FEB2026.md -> C:\Users\rober\Desktop\Mundo Virtual Villa Canabrava\archives\2026-02-07\logs\EXEC_REPORT_6FEB2026.md
[2026-02-07 13:29:08] WHATIF Move C:\Users\rober\Desktop\Mundo Virtual Villa Canabrava\EXEC_REPORT_OPTIMIZATION_STAGE2_OPT1_OPT5_FEB6.md -> C:\Users\rober\Desktop\Mundo Virtual Villa Canabrava\archives\2026-02-07\logs\EXEC_REPORT_OPTIMIZATION_STAGE2_OPT1_OPT5_FEB6.md
[2026-02-07 13:29:08] WHATIF Move C:\Users\rober\Desktop\Mundo Virtual Villa Canabrava\EXEC_REPORT_P0_FINAL_6FEB.md -> C:\Users\rober\Desktop\Mundo Virtual Villa Canabrava\archives\2026-02-07\logs\EXEC_REPORT_P0_FINAL_6FEB.md
[2026-02-07 13:29:08] WHATIF Move C:\Users\rober\Desktop\Mundo Virtual Villa Canabrava\EXEC_REPORT_P0_FINAL_FASE2_6FEB.md -> C:\Users\rober\Desktop\Mundo Virtual Villa Canabrava\archives\2026-02-07\logs\EXEC_REPORT_P0_FINAL_FASE2_6FEB.md
[2026-02-07 13:29:08] WHATIF Move C:\Users\rober\Desktop\Mundo Virtual Villa Canabrava\EXEC_REPORT_SHADOW_DEPLOY_VALIDATION_6FEB.md -> C:\Users\rober\Desktop\Mundo Virtual Villa Canabrava\archives\2026-02-07\logs\EXEC_REPORT_SHADOW_DEPLOY_VALIDATION_6FEB.md
[2026-02-07 13:29:08] WHATIF Move C:\Users\rober\Desktop\Mundo Virtual Villa Canabrava\EXEC_REPORT_SHADOW_DEPLOY_VALIDATOR.md -> C:\Users\rober\Desktop\Mundo Virtual Villa Canabrava\archives\2026-02-07\logs\EXEC_REPORT_SHADOW_DEPLOY_VALIDATOR.md
[2026-02-07 13:29:08] WHATIF Move C:\Users\rober\Desktop\Mundo Virtual Villa Canabrava\EXEC_REPORT_SPRINT_1_PRE_FLIGHT.md -> C:\Users\rober\Desktop\Mundo Virtual Villa Canabrava\archives\2026-02-07\logs\EXEC_REPORT_SPRINT_1_PRE_FLIGHT.md
[2026-02-07 13:29:08] WHATIF Move C:\Users\rober\Desktop\Mundo Virtual Villa Canabrava\EXEC_REPORT_STAGE3_ROLLBACK_VALIDATION_FEB6.md -> C:\Users\rober\Desktop\Mundo Virtual Villa Canabrava\archives\2026-02-07\logs\EXEC_REPORT_STAGE3_ROLLBACK_VALIDATION_FEB6.md
[2026-02-07 13:29:08] WHATIF Move C:\Users\rober\Desktop\Mundo Virtual Villa Canabrava\STAGE2_OPT1_DRYRUN_VALIDATION_OFFLINE.md -> C:\Users\rober\Desktop\Mundo Virtual Villa Canabrava\archives\2026-02-07\logs\STAGE2_OPT1_DRYRUN_VALIDATION_OFFLINE.md
[2026-02-07 13:29:08] WHATIF Move C:\Users\rober\Desktop\Mundo Virtual Villa Canabrava\STAGE3_ROLLBACK_PLAN_VALIDATION.md -> C:\Users\rober\Desktop\Mundo Virtual Villa Canabrava\archives\2026-02-07\logs\STAGE3_ROLLBACK_PLAN_VALIDATION.md
[2026-02-07 13:29:08] WHATIF Move C:\Users\rober\Desktop\Mundo Virtual Villa Canabrava\STAGE4_BASELINE_VALIDATION_REPORT_FEB6.md -> C:\Users\rober\Desktop\Mundo Virtual Villa Canabrava\archives\2026-02-07\logs\STAGE4_BASELINE_VALIDATION_REPORT_FEB6.md
[2026-02-07 13:29:08] WHATIF Move C:\Users\rober\Desktop\Mundo Virtual Villa Canabrava\STAGE4_CAPACITY_PLANNING_OPT1.md -> C:\Users\rober\Desktop\Mundo Virtual Villa Canabrava\archives\2026-02-07\logs\STAGE4_CAPACITY_PLANNING_OPT1.md
[2026-02-07 13:29:08] WHATIF Move C:\Users\rober\Desktop\Mundo Virtual Villa Canabrava\STAGE4_COMPREHENSIVE_COMPARISON_REPORT_FEB7.md -> C:\Users\rober\Desktop\Mundo Virtual Villa Canabrava\archives\2026-02-07\logs\STAGE4_COMPREHENSIVE_COMPARISON_REPORT_FEB7.md
[2026-02-07 13:29:08] WHATIF Move C:\Users\rober\Desktop\Mundo Virtual Villa Canabrava\STAGE4_DIA1_DELIVERABLES_SUMMARY.md -> C:\Users\rober\Desktop\Mundo Virtual Villa Canabrava\archives\2026-02-07\logs\STAGE4_DIA1_DELIVERABLES_SUMMARY.md
[2026-02-07 13:29:08] WHATIF Move C:\Users\rober\Desktop\Mundo Virtual Villa Canabrava\STAGE4_DIA2_EXECUCAO_OPT1_PRODUCAO.md -> C:\Users\rober\Desktop\Mundo Virtual Villa Canabrava\archives\2026-02-07\logs\STAGE4_DIA2_EXECUCAO_OPT1_PRODUCAO.md
[2026-02-07 13:29:08] WHATIF Move C:\Users\rober\Desktop\Mundo Virtual Villa Canabrava\STAGE4_EXECUCAO_FINAL_FEB7.md -> C:\Users\rober\Desktop\Mundo Virtual Villa Canabrava\archives\2026-02-07\logs\STAGE4_EXECUCAO_FINAL_FEB7.md
[2026-02-07 13:29:08] WHATIF Move C:\Users\rober\Desktop\Mundo Virtual Villa Canabrava\STAGE4_EXECUTION_COMPLETE_FEB6.md -> C:\Users\rober\Desktop\Mundo Virtual Villa Canabrava\archives\2026-02-07\logs\STAGE4_EXECUTION_COMPLETE_FEB6.md
[2026-02-07 13:29:08] WHATIF Move C:\Users\rober\Desktop\Mundo Virtual Villa Canabrava\STAGE4_EXECUTION_FINAL_SUMMARY_FEB6.md -> C:\Users\rober\Desktop\Mundo Virtual Villa Canabrava\archives\2026-02-07\logs\STAGE4_EXECUTION_FINAL_SUMMARY_FEB6.md
[2026-02-07 13:29:08] WHATIF Move C:\Users\rober\Desktop\Mundo Virtual Villa Canabrava\STAGE4_LOCAL_ENV_SETUP_LOG_FEB6.md -> C:\Users\rober\Desktop\Mundo Virtual Villa Canabrava\archives\2026-02-07\logs\STAGE4_LOCAL_ENV_SETUP_LOG_FEB6.md
[2026-02-07 13:29:08] WHATIF Move C:\Users\rober\Desktop\Mundo Virtual Villa Canabrava\STAGE4_LOCAL_PERFORMANCE_REPORT_FEB6.md -> C:\Users\rober\Desktop\Mundo Virtual Villa Canabrava\archives\2026-02-07\logs\STAGE4_LOCAL_PERFORMANCE_REPORT_FEB6.md
[2026-02-07 13:29:08] WHATIF Move C:\Users\rober\Desktop\Mundo Virtual Villa Canabrava\STAGE4_LOCAL_READINESS_FEB6.md -> C:\Users\rober\Desktop\Mundo Virtual Villa Canabrava\archives\2026-02-07\logs\STAGE4_LOCAL_READINESS_FEB6.md
[2026-02-07 13:29:08] WHATIF Move C:\Users\rober\Desktop\Mundo Virtual Villa Canabrava\STAGE4_MASTER_STATUS.md -> C:\Users\rober\Desktop\Mundo Virtual Villa Canabrava\archives\2026-02-07\logs\STAGE4_MASTER_STATUS.md
[2026-02-07 13:29:08] WHATIF Move C:\Users\rober\Desktop\Mundo Virtual Villa Canabrava\STAGE4_PERFORMANCE_COMPARISON_FEB6.md -> C:\Users\rober\Desktop\Mundo Virtual Villa Canabrava\archives\2026-02-07\logs\STAGE4_PERFORMANCE_COMPARISON_FEB6.md
[2026-02-07 13:29:08] WHATIF Move C:\Users\rober\Desktop\Mundo Virtual Villa Canabrava\STAGE4_QUICK_START.md -> C:\Users\rober\Desktop\Mundo Virtual Villa Canabrava\archives\2026-02-07\logs\STAGE4_QUICK_START.md
[2026-02-07 13:29:08] WHATIF Move C:\Users\rober\Desktop\Mundo Virtual Villa Canabrava\STAGE4_SIGN_OFF_DECISION_FEB6.md -> C:\Users\rober\Desktop\Mundo Virtual Villa Canabrava\archives\2026-02-07\logs\STAGE4_SIGN_OFF_DECISION_FEB6.md
[2026-02-07 13:29:08] WHATIF Move C:\Users\rober\Desktop\Mundo Virtual Villa Canabrava\STAGE_1_PEER_REVIEW_REPORT.md -> C:\Users\rober\Desktop\Mundo Virtual Villa Canabrava\archives\2026-02-07\logs\STAGE_1_PEER_REVIEW_REPORT.md
[2026-02-07 13:29:08] WHATIF Move C:\Users\rober\Desktop\Mundo Virtual Villa Canabrava\STAGE_1_PEER_REVIEW_REPORT_6FEB.md -> C:\Users\rober\Desktop\Mundo Virtual Villa Canabrava\archives\2026-02-07\logs\STAGE_1_PEER_REVIEW_REPORT_6FEB.md
[2026-02-07 13:29:08] WHATIF Move C:\Users\rober\Desktop\Mundo Virtual Villa Canabrava\STAGE_2_DRYRUN_REPORT_6FEB.md -> C:\Users\rober\Desktop\Mundo Virtual Villa Canabrava\archives\2026-02-07\logs\STAGE_2_DRYRUN_REPORT_6FEB.md
[2026-02-07 13:29:08] WHATIF Move C:\Users\rober\Desktop\Mundo Virtual Villa Canabrava\STAGE_4_CAPACITY_PLANNING_DESIGN.md -> C:\Users\rober\Desktop\Mundo Virtual Villa Canabrava\archives\2026-02-07\logs\STAGE_4_CAPACITY_PLANNING_DESIGN.md
[2026-02-07 13:29:08] WHATIF Move C:\Users\rober\Desktop\Mundo Virtual Villa Canabrava\shadow_deployment_results -> C:\Users\rober\Desktop\Mundo Virtual Villa Canabrava\archives\2026-02-07\shadow\shadow_deployment_results
[2026-02-07 13:29:08] WHATIF Move C:\Users\rober\Desktop\Mundo Virtual Villa Canabrava\Villa_Canabrava_Digital_World -> C:\Users\rober\Desktop\Mundo Virtual Villa Canabrava\archives\2026-02-07\legacy_projects\Villa_Canabrava_Digital_World
[2026-02-07 13:29:08] WHATIF Move C:\Users\rober\Desktop\Mundo Virtual Villa Canabrava\BIBLIOTECA_git_backup -> C:\Users\rober\Desktop\Mundo Virtual Villa Canabrava\archives\2026-02-07\legacy_projects\BIBLIOTECA_git_backup
[2026-02-07 13:29:08] END cleanup
[2026-02-07 13:36:25] START cleanup
[2026-02-07 13:36:25] Root: C:\Users\rober\Desktop\Mundo Virtual Villa Canabrava
[2026-02-07 13:36:25] Archives: C:\Users\rober\Desktop\Mundo Virtual Villa Canabrava\archives\2026-02-07
[2026-02-07 13:36:25] WhatIf: False
[2026-02-07 13:36:25] ExcludeLegacy: True
[2026-02-07 13:36:25] Move C:\Users\rober\Desktop\Mundo Virtual Villa Canabrava\.github.zip -> C:\Users\rober\Desktop\Mundo Virtual Villa Canabrava\archives\2026-02-07\zips\.github.zip
[2026-02-07 13:36:25] Move C:\Users\rober\Desktop\Mundo Virtual Villa Canabrava\.venv-gis.zip -> C:\Users\rober\Desktop\Mundo Virtual Villa Canabrava\archives\2026-02-07\zips\.venv-gis.zip
[2026-02-07 13:36:25] Move C:\Users\rober\Desktop\Mundo Virtual Villa Canabrava\.venv.zip -> C:\Users\rober\Desktop\Mundo Virtual Villa Canabrava\archives\2026-02-07\zips\.venv.zip
[2026-02-07 13:36:25] Move C:\Users\rober\Desktop\Mundo Virtual Villa Canabrava\.vscode.zip -> C:\Users\rober\Desktop\Mundo Virtual Villa Canabrava\archives\2026-02-07\zips\.vscode.zip
[2026-02-07 13:36:25] Move C:\Users\rober\Desktop\Mundo Virtual Villa Canabrava\BIBLIOTECA.zip -> C:\Users\rober\Desktop\Mundo Virtual Villa Canabrava\archives\2026-02-07\zips\BIBLIOTECA.zip
[2026-02-07 13:36:25] Move C:\Users\rober\Desktop\Mundo Virtual Villa Canabrava\Documentaçao Auxiliar  Mundo Virtual Villa.zip -> C:\Users\rober\Desktop\Mundo Virtual Villa Canabrava\archives\2026-02-07\zips\Documentaçao Auxiliar  Mundo Virtual Villa.zip
[2026-02-07 13:36:25] Move C:\Users\rober\Desktop\Mundo Virtual Villa Canabrava\_kml_test.zip -> C:\Users\rober\Desktop\Mundo Virtual Villa Canabrava\archives\2026-02-07\zips\_kml_test.zip
[2026-02-07 13:36:25] Move C:\Users\rober\Desktop\Mundo Virtual Villa Canabrava\.venv -> C:\Users\rober\Desktop\Mundo Virtual Villa Canabrava\archives\2026-02-07\venv\.venv
[2026-02-07 13:36:25] Move C:\Users\rober\Desktop\Mundo Virtual Villa Canabrava\.venv-gis -> C:\Users\rober\Desktop\Mundo Virtual Villa Canabrava\archives\2026-02-07\venv\.venv-gis
[2026-02-07 13:36:25] Move C:\Users\rober\Desktop\Mundo Virtual Villa Canabrava\backup_villa_canabrava.sql -> C:\Users\rober\Desktop\Mundo Virtual Villa Canabrava\archives\2026-02-07\backups_raw\backup_villa_canabrava.sql
[2026-02-07 13:36:25] Move C:\Users\rober\Desktop\Mundo Virtual Villa Canabrava\geometrias_dump_FEB6.sql -> C:\Users\rober\Desktop\Mundo Virtual Villa Canabrava\archives\2026-02-07\backups_raw\geometrias_dump_FEB6.sql
[2026-02-07 13:36:25] Move C:\Users\rober\Desktop\Mundo Virtual Villa Canabrava\gis_async_pipeline_results_v2.log -> C:\Users\rober\Desktop\Mundo Virtual Villa Canabrava\archives\2026-02-07\logs\gis_async_pipeline_results_v2.log
[2026-02-07 13:36:25] Move C:\Users\rober\Desktop\Mundo Virtual Villa Canabrava\gis_async_pipeline_v2.log -> C:\Users\rober\Desktop\Mundo Virtual Villa Canabrava\archives\2026-02-07\logs\gis_async_pipeline_v2.log
[2026-02-07 13:36:25] Move C:\Users\rober\Desktop\Mundo Virtual Villa Canabrava\METRICS_BASELINE.json -> C:\Users\rober\Desktop\Mundo Virtual Villa Canabrava\archives\2026-02-07\metrics\METRICS_BASELINE.json
[2026-02-07 13:36:25] Move C:\Users\rober\Desktop\Mundo Virtual Villa Canabrava\METRICS_BASELINE_FEB7.json -> C:\Users\rober\Desktop\Mundo Virtual Villa Canabrava\archives\2026-02-07\metrics\METRICS_BASELINE_FEB7.json
[2026-02-07 13:36:25] Move C:\Users\rober\Desktop\Mundo Virtual Villa Canabrava\METRICS_OPT1_FEB7.json -> C:\Users\rober\Desktop\Mundo Virtual Villa Canabrava\archives\2026-02-07\metrics\METRICS_OPT1_FEB7.json
[2026-02-07 13:36:25] Move C:\Users\rober\Desktop\Mundo Virtual Villa Canabrava\METRICS_OPT1_STAGE2_20260206_165714.json -> C:\Users\rober\Desktop\Mundo Virtual Villa Canabrava\archives\2026-02-07\metrics\METRICS_OPT1_STAGE2_20260206_165714.json
[2026-02-07 13:36:25] Move C:\Users\rober\Desktop\Mundo Virtual Villa Canabrava\METRICS_OPT2_OPT5_BATCH_FEB7.json -> C:\Users\rober\Desktop\Mundo Virtual Villa Canabrava\archives\2026-02-07\metrics\METRICS_OPT2_OPT5_BATCH_FEB7.json
[2026-02-07 13:36:25] Move C:\Users\rober\Desktop\Mundo Virtual Villa Canabrava\METRICS_COLLECTION_LOG_FEB7.txt -> C:\Users\rober\Desktop\Mundo Virtual Villa Canabrava\archives\2026-02-07\metrics\METRICS_COLLECTION_LOG_FEB7.txt
[2026-02-07 13:36:25] Move C:\Users\rober\Desktop\Mundo Virtual Villa Canabrava\METRICS_COLLECTION_RUN_FEB7.txt -> C:\Users\rober\Desktop\Mundo Virtual Villa Canabrava\archives\2026-02-07\metrics\METRICS_COLLECTION_RUN_FEB7.txt
[2026-02-07 13:36:25] Move C:\Users\rober\Desktop\Mundo Virtual Villa Canabrava\STAGE2_OPT1_DRYRUN_LOG_20260206_165714.txt -> C:\Users\rober\Desktop\Mundo Virtual Villa Canabrava\archives\2026-02-07\logs\STAGE2_OPT1_DRYRUN_LOG_20260206_165714.txt
[2026-02-07 13:36:25] Move C:\Users\rober\Desktop\Mundo Virtual Villa Canabrava\STAGE2_OPT1_DRYRUN_LOG_20260206_165750.txt -> C:\Users\rober\Desktop\Mundo Virtual Villa Canabrava\archives\2026-02-07\logs\STAGE2_OPT1_DRYRUN_LOG_20260206_165750.txt
[2026-02-07 13:36:25] Move C:\Users\rober\Desktop\Mundo Virtual Villa Canabrava\STAGE4_EXECUTOR_LOG_20260206_164326.txt -> C:\Users\rober\Desktop\Mundo Virtual Villa Canabrava\archives\2026-02-07\logs\STAGE4_EXECUTOR_LOG_20260206_164326.txt
[2026-02-07 13:36:25] Move C:\Users\rober\Desktop\Mundo Virtual Villa Canabrava\STAGE4_EXECUTOR_LOG_20260206_164335.txt -> C:\Users\rober\Desktop\Mundo Virtual Villa Canabrava\archives\2026-02-07\logs\STAGE4_EXECUTOR_LOG_20260206_164335.txt
[2026-02-07 13:36:25] Move C:\Users\rober\Desktop\Mundo Virtual Villa Canabrava\STAGE4_EXECUTOR_LOG_20260206_164352.txt -> C:\Users\rober\Desktop\Mundo Virtual Villa Canabrava\archives\2026-02-07\logs\STAGE4_EXECUTOR_LOG_20260206_164352.txt
[2026-02-07 13:36:25] Move C:\Users\rober\Desktop\Mundo Virtual Villa Canabrava\STAGE4_EXECUTOR_LOG_20260206_164404.txt -> C:\Users\rober\Desktop\Mundo Virtual Villa Canabrava\archives\2026-02-07\logs\STAGE4_EXECUTOR_LOG_20260206_164404.txt
[2026-02-07 13:36:25] Move C:\Users\rober\Desktop\Mundo Virtual Villa Canabrava\STAGE4_SIMULATOR_LOG_20260206_164519.txt -> C:\Users\rober\Desktop\Mundo Virtual Villa Canabrava\archives\2026-02-07\logs\STAGE4_SIMULATOR_LOG_20260206_164519.txt
[2026-02-07 13:36:25] Move C:\Users\rober\Desktop\Mundo Virtual Villa Canabrava\STAGE4_SIMULATOR_LOG_20260206_165426.txt -> C:\Users\rober\Desktop\Mundo Virtual Villa Canabrava\archives\2026-02-07\logs\STAGE4_SIMULATOR_LOG_20260206_165426.txt
[2026-02-07 13:36:25] Move C:\Users\rober\Desktop\Mundo Virtual Villa Canabrava\EXEC_REPORT_6FEB2026.md -> C:\Users\rober\Desktop\Mundo Virtual Villa Canabrava\archives\2026-02-07\logs\EXEC_REPORT_6FEB2026.md
[2026-02-07 13:36:25] Move C:\Users\rober\Desktop\Mundo Virtual Villa Canabrava\EXEC_REPORT_OPTIMIZATION_STAGE2_OPT1_OPT5_FEB6.md -> C:\Users\rober\Desktop\Mundo Virtual Villa Canabrava\archives\2026-02-07\logs\EXEC_REPORT_OPTIMIZATION_STAGE2_OPT1_OPT5_FEB6.md
[2026-02-07 13:36:25] Move C:\Users\rober\Desktop\Mundo Virtual Villa Canabrava\EXEC_REPORT_P0_FINAL_6FEB.md -> C:\Users\rober\Desktop\Mundo Virtual Villa Canabrava\archives\2026-02-07\logs\EXEC_REPORT_P0_FINAL_6FEB.md
[2026-02-07 13:36:25] Move C:\Users\rober\Desktop\Mundo Virtual Villa Canabrava\EXEC_REPORT_P0_FINAL_FASE2_6FEB.md -> C:\Users\rober\Desktop\Mundo Virtual Villa Canabrava\archives\2026-02-07\logs\EXEC_REPORT_P0_FINAL_FASE2_6FEB.md
[2026-02-07 13:36:25] Move C:\Users\rober\Desktop\Mundo Virtual Villa Canabrava\EXEC_REPORT_SHADOW_DEPLOY_VALIDATION_6FEB.md -> C:\Users\rober\Desktop\Mundo Virtual Villa Canabrava\archives\2026-02-07\logs\EXEC_REPORT_SHADOW_DEPLOY_VALIDATION_6FEB.md
[2026-02-07 13:36:25] Move C:\Users\rober\Desktop\Mundo Virtual Villa Canabrava\EXEC_REPORT_SHADOW_DEPLOY_VALIDATOR.md -> C:\Users\rober\Desktop\Mundo Virtual Villa Canabrava\archives\2026-02-07\logs\EXEC_REPORT_SHADOW_DEPLOY_VALIDATOR.md
[2026-02-07 13:36:25] Move C:\Users\rober\Desktop\Mundo Virtual Villa Canabrava\EXEC_REPORT_SPRINT_1_PRE_FLIGHT.md -> C:\Users\rober\Desktop\Mundo Virtual Villa Canabrava\archives\2026-02-07\logs\EXEC_REPORT_SPRINT_1_PRE_FLIGHT.md
[2026-02-07 13:36:25] Move C:\Users\rober\Desktop\Mundo Virtual Villa Canabrava\EXEC_REPORT_STAGE3_ROLLBACK_VALIDATION_FEB6.md -> C:\Users\rober\Desktop\Mundo Virtual Villa Canabrava\archives\2026-02-07\logs\EXEC_REPORT_STAGE3_ROLLBACK_VALIDATION_FEB6.md
[2026-02-07 13:36:25] Move C:\Users\rober\Desktop\Mundo Virtual Villa Canabrava\STAGE2_OPT1_DRYRUN_VALIDATION_OFFLINE.md -> C:\Users\rober\Desktop\Mundo Virtual Villa Canabrava\archives\2026-02-07\logs\STAGE2_OPT1_DRYRUN_VALIDATION_OFFLINE.md
[2026-02-07 13:36:25] Move C:\Users\rober\Desktop\Mundo Virtual Villa Canabrava\STAGE3_ROLLBACK_PLAN_VALIDATION.md -> C:\Users\rober\Desktop\Mundo Virtual Villa Canabrava\archives\2026-02-07\logs\STAGE3_ROLLBACK_PLAN_VALIDATION.md
[2026-02-07 13:36:25] Move C:\Users\rober\Desktop\Mundo Virtual Villa Canabrava\STAGE4_BASELINE_VALIDATION_REPORT_FEB6.md -> C:\Users\rober\Desktop\Mundo Virtual Villa Canabrava\archives\2026-02-07\logs\STAGE4_BASELINE_VALIDATION_REPORT_FEB6.md
[2026-02-07 13:36:25] Move C:\Users\rober\Desktop\Mundo Virtual Villa Canabrava\STAGE4_CAPACITY_PLANNING_OPT1.md -> C:\Users\rober\Desktop\Mundo Virtual Villa Canabrava\archives\2026-02-07\logs\STAGE4_CAPACITY_PLANNING_OPT1.md
[2026-02-07 13:36:25] Move C:\Users\rober\Desktop\Mundo Virtual Villa Canabrava\STAGE4_COMPREHENSIVE_COMPARISON_REPORT_FEB7.md -> C:\Users\rober\Desktop\Mundo Virtual Villa Canabrava\archives\2026-02-07\logs\STAGE4_COMPREHENSIVE_COMPARISON_REPORT_FEB7.md
[2026-02-07 13:36:25] Move C:\Users\rober\Desktop\Mundo Virtual Villa Canabrava\STAGE4_DIA1_DELIVERABLES_SUMMARY.md -> C:\Users\rober\Desktop\Mundo Virtual Villa Canabrava\archives\2026-02-07\logs\STAGE4_DIA1_DELIVERABLES_SUMMARY.md
[2026-02-07 13:36:25] Move C:\Users\rober\Desktop\Mundo Virtual Villa Canabrava\STAGE4_DIA2_EXECUCAO_OPT1_PRODUCAO.md -> C:\Users\rober\Desktop\Mundo Virtual Villa Canabrava\archives\2026-02-07\logs\STAGE4_DIA2_EXECUCAO_OPT1_PRODUCAO.md
[2026-02-07 13:36:25] Move C:\Users\rober\Desktop\Mundo Virtual Villa Canabrava\STAGE4_EXECUCAO_FINAL_FEB7.md -> C:\Users\rober\Desktop\Mundo Virtual Villa Canabrava\archives\2026-02-07\logs\STAGE4_EXECUCAO_FINAL_FEB7.md
[2026-02-07 13:36:25] Move C:\Users\rober\Desktop\Mundo Virtual Villa Canabrava\STAGE4_EXECUTION_COMPLETE_FEB6.md -> C:\Users\rober\Desktop\Mundo Virtual Villa Canabrava\archives\2026-02-07\logs\STAGE4_EXECUTION_COMPLETE_FEB6.md
[2026-02-07 13:36:25] Move C:\Users\rober\Desktop\Mundo Virtual Villa Canabrava\STAGE4_EXECUTION_FINAL_SUMMARY_FEB6.md -> C:\Users\rober\Desktop\Mundo Virtual Villa Canabrava\archives\2026-02-07\logs\STAGE4_EXECUTION_FINAL_SUMMARY_FEB6.md
[2026-02-07 13:36:25] Move C:\Users\rober\Desktop\Mundo Virtual Villa Canabrava\STAGE4_LOCAL_ENV_SETUP_LOG_FEB6.md -> C:\Users\rober\Desktop\Mundo Virtual Villa Canabrava\archives\2026-02-07\logs\STAGE4_LOCAL_ENV_SETUP_LOG_FEB6.md
[2026-02-07 13:36:25] Move C:\Users\rober\Desktop\Mundo Virtual Villa Canabrava\STAGE4_LOCAL_PERFORMANCE_REPORT_FEB6.md -> C:\Users\rober\Desktop\Mundo Virtual Villa Canabrava\archives\2026-02-07\logs\STAGE4_LOCAL_PERFORMANCE_REPORT_FEB6.md
[2026-02-07 13:36:25] Move C:\Users\rober\Desktop\Mundo Virtual Villa Canabrava\STAGE4_LOCAL_READINESS_FEB6.md -> C:\Users\rober\Desktop\Mundo Virtual Villa Canabrava\archives\2026-02-07\logs\STAGE4_LOCAL_READINESS_FEB6.md
[2026-02-07 13:36:25] Move C:\Users\rober\Desktop\Mundo Virtual Villa Canabrava\STAGE4_MASTER_STATUS.md -> C:\Users\rober\Desktop\Mundo Virtual Villa Canabrava\archives\2026-02-07\logs\STAGE4_MASTER_STATUS.md
[2026-02-07 13:36:25] Move C:\Users\rober\Desktop\Mundo Virtual Villa Canabrava\STAGE4_PERFORMANCE_COMPARISON_FEB6.md -> C:\Users\rober\Desktop\Mundo Virtual Villa Canabrava\archives\2026-02-07\logs\STAGE4_PERFORMANCE_COMPARISON_FEB6.md
[2026-02-07 13:36:25] Move C:\Users\rober\Desktop\Mundo Virtual Villa Canabrava\STAGE4_QUICK_START.md -> C:\Users\rober\Desktop\Mundo Virtual Villa Canabrava\archives\2026-02-07\logs\STAGE4_QUICK_START.md
[2026-02-07 13:36:25] Move C:\Users\rober\Desktop\Mundo Virtual Villa Canabrava\STAGE4_SIGN_OFF_DECISION_FEB6.md -> C:\Users\rober\Desktop\Mundo Virtual Villa Canabrava\archives\2026-02-07\logs\STAGE4_SIGN_OFF_DECISION_FEB6.md
[2026-02-07 13:36:25] Move C:\Users\rober\Desktop\Mundo Virtual Villa Canabrava\STAGE_1_PEER_REVIEW_REPORT.md -> C:\Users\rober\Desktop\Mundo Virtual Villa Canabrava\archives\2026-02-07\logs\STAGE_1_PEER_REVIEW_REPORT.md
[2026-02-07 13:36:25] Move C:\Users\rober\Desktop\Mundo Virtual Villa Canabrava\STAGE_1_PEER_REVIEW_REPORT_6FEB.md -> C:\Users\rober\Desktop\Mundo Virtual Villa Canabrava\archives\2026-02-07\logs\STAGE_1_PEER_REVIEW_REPORT_6FEB.md
[2026-02-07 13:36:25] Move C:\Users\rober\Desktop\Mundo Virtual Villa Canabrava\STAGE_2_DRYRUN_REPORT_6FEB.md -> C:\Users\rober\Desktop\Mundo Virtual Villa Canabrava\archives\2026-02-07\logs\STAGE_2_DRYRUN_REPORT_6FEB.md
[2026-02-07 13:36:25] Move C:\Users\rober\Desktop\Mundo Virtual Villa Canabrava\STAGE_4_CAPACITY_PLANNING_DESIGN.md -> C:\Users\rober\Desktop\Mundo Virtual Villa Canabrava\archives\2026-02-07\logs\STAGE_4_CAPACITY_PLANNING_DESIGN.md
[2026-02-07 13:36:25] Move C:\Users\rober\Desktop\Mundo Virtual Villa Canabrava\shadow_deployment_results -> C:\Users\rober\Desktop\Mundo Virtual Villa Canabrava\archives\2026-02-07\shadow\shadow_deployment_results
[2026-02-07 13:36:25] SKIP (ExcludeLegacy) Villa_Canabrava_Digital_World
[2026-02-07 13:36:25] SKIP (ExcludeLegacy) BIBLIOTECA_git_backup
[2026-02-07 13:36:25] END cleanup
[2026-02-07 13:38:11] START cleanup
[2026-02-07 13:38:11] Root: C:\Users\rober\Desktop\Mundo Virtual Villa Canabrava
[2026-02-07 13:38:11] Archives: C:\Users\rober\Desktop\Mundo Virtual Villa Canabrava\archives\2026-02-07
[2026-02-07 13:38:11] WhatIf: False
[2026-02-07 13:38:11] ExcludeLegacy: True
[2026-02-07 13:38:11] Move C:\Users\rober\Desktop\Mundo Virtual Villa Canabrava\REPORT_ULTIMOS_25_COMANDOS_RAW.txt -> C:\Users\rober\Desktop\Mundo Virtual Villa Canabrava\archives\2026-02-07\logs\REPORT_ULTIMOS_25_COMANDOS_RAW.txt
[2026-02-07 13:38:11] SKIP (ExcludeLegacy) Villa_Canabrava_Digital_World
[2026-02-07 13:38:11] SKIP (ExcludeLegacy) BIBLIOTECA_git_backup
[2026-02-07 13:38:11] END cleanup
