2026-02-06 10:52:52,539 [INFO] ======================================================================
2026-02-06 10:52:52,539 [INFO] GIS Async Pipeline (v1) - Started
2026-02-06 10:52:52,660 [INFO]    Workers: 5
2026-02-06 10:52:52,660 [INFO]    Batch size: 20
2026-02-06 10:52:52,661 [INFO]    Total geometries: 100
2026-02-06 10:52:52,661 [INFO] ======================================================================
2026-02-06 10:52:52,662 [INFO] Producer started with 100 geometries
2026-02-06 10:52:52,698 [INFO]    Enqueued 10/100 (10.0%)
2026-02-06 10:52:52,709 [INFO]    Enqueued 20/100 (20.0%)
2026-02-06 10:52:52,725 [INFO]    Enqueued 30/100 (30.0%)
2026-02-06 10:52:52,735 [INFO]    Enqueued 40/100 (40.0%)
2026-02-06 10:52:52,746 [INFO]    Enqueued 50/100 (50.0%)
2026-02-06 10:52:52,754 [INFO]    Enqueued 60/100 (60.0%)
2026-02-06 10:52:52,764 [INFO]    Enqueued 70/100 (70.0%)
2026-02-06 10:52:52,770 [INFO]    Enqueued 80/100 (80.0%)
2026-02-06 10:52:52,781 [INFO]    Enqueued 90/100 (90.0%)
2026-02-06 10:52:52,791 [INFO]    Enqueued 100/100 (100.0%)
2026-02-06 10:52:52,792 [INFO] Producer finished enqueueing all geometries
2026-02-06 10:52:52,794 [INFO] Worker 0 started
2026-02-06 10:52:52,794 [INFO] Worker 1 started
2026-02-06 10:52:52,795 [INFO] Worker 2 started
2026-02-06 10:52:52,796 [INFO] Worker 3 started
2026-02-06 10:52:52,797 [INFO] Worker 4 started
2026-02-06 10:52:52,816 [INFO] Worker 0: processed 20 items, valid=14, fixed=6, errors=0
2026-02-06 10:52:52,832 [INFO] Worker 1: processed 20 items, valid=14, fixed=6, errors=0
2026-02-06 10:52:52,843 [INFO] Worker 2: processed 20 items, valid=14, fixed=6, errors=0
2026-02-06 10:52:52,848 [INFO] Worker 3: processed 20 items, valid=13, fixed=7, errors=0
2026-02-06 10:52:52,862 [INFO] Worker 4: processed 20 items, valid=11, fixed=9, errors=0
2026-02-06 10:52:52,863 [INFO] Worker 0 received shutdown signal
2026-02-06 10:52:52,866 [INFO] Worker 1 received shutdown signal
2026-02-06 10:52:52,868 [INFO] Worker 2 received shutdown signal
2026-02-06 10:52:52,870 [INFO] Worker 3 received shutdown signal
2026-02-06 10:52:52,871 [INFO] Worker 4 received shutdown signal
2026-02-06 10:52:52,872 [INFO] Worker 0 finished (processed 20 items)
2026-02-06 10:52:52,875 [INFO] Worker 1 finished (processed 20 items)
2026-02-06 10:52:52,876 [INFO] Worker 2 finished (processed 20 items)
2026-02-06 10:52:52,876 [INFO] Worker 3 finished (processed 20 items)
2026-02-06 10:52:52,878 [INFO] Worker 4 finished (processed 20 items)
2026-02-06 10:52:53,012 [INFO] ======================================================================
2026-02-06 10:52:53,012 [INFO] GIS Async Pipeline (v1) - Completed
2026-02-06 10:52:53,012 [INFO]    Total processed: 100
2026-02-06 10:52:53,012 [INFO]    Valid: 66
2026-02-06 10:52:53,012 [INFO]    Fixed: 34
2026-02-06 10:52:53,012 [INFO]    Errors: 0
2026-02-06 10:52:53,012 [INFO]    Validity rate: 100.00%
2026-02-06 10:52:53,012 [INFO]    Total time: 0.47s
2026-02-06 10:52:53,012 [INFO]    Throughput: 211.50 items/sec
2026-02-06 10:52:53,016 [INFO]    Avg time/item: 4.73ms
2026-02-06 10:52:53,016 [INFO] ======================================================================
2026-02-06 10:52:53,016 [INFO] Results saved to gis_async_pipeline_results_v2.json
2026-02-06 10:52:53,018 [INFO] Pipeline execution finished with exit code 0 (SUCCESS)
